<?xml version="1.0" encoding="UTF-8"?>
<!-- Generated by org.testng.reporters.JUnitReportReporter -->
<testsuite skipped="0" hostname="WKWIN5337880" name="testNG.Assignment1" tests="1" failures="0" timestamp="03 Jan 2020 15:56:51 GMT" time="8.468" errors="0">
  <testcase name="assignment1" time="8.468" classname="testNG.Assignment1"/>
</testsuite> <!-- testNG.Assignment1 -->
