<?xml version="1.0" encoding="UTF-8"?>
<!-- Generated by org.testng.reporters.JUnitReportReporter -->
<testsuite skipped="0" hostname="WKWIN5337880" name="AutomationTesting.OnlineBankingTest.TestNGExample2" tests="3" failures="0" timestamp="06 Nov 2018 16:30:51 GMT" time="0.008" errors="0">
  <testcase name="test2" time="0.002" classname="AutomationTesting.OnlineBankingTest.TestNGExample2"/>
  <testcase name="test3" time="0.003" classname="AutomationTesting.OnlineBankingTest.TestNGExample2"/>
  <testcase name="test1" time="0.003" classname="AutomationTesting.OnlineBankingTest.TestNGExample2"/>
</testsuite> <!-- AutomationTesting.OnlineBankingTest.TestNGExample2 -->
