<?xml version="1.0" encoding="UTF-8"?>
<!-- Generated by org.testng.reporters.JUnitReportReporter -->
<testsuite skipped="0" hostname="WKWIN5337880" name="AutomationTesting.OnlineBankingTest.TestNGExample1" tests="2" failures="0" timestamp="06 Nov 2018 16:47:57 GMT" time="0.014" errors="0">
  <testcase name="test2" time="0.002" classname="AutomationTesting.OnlineBankingTest.TestNGExample1"/>
  <testcase name="test1" time="0.012" classname="AutomationTesting.OnlineBankingTest.TestNGExample1"/>
</testsuite> <!-- AutomationTesting.OnlineBankingTest.TestNGExample1 -->
