<?xml version="1.0" encoding="UTF-8"?>
<!-- Generated by org.testng.reporters.JUnitReportReporter -->
<testsuite skipped="3" hostname="WKWIN5337880" name="testNG.TestNGExample1" tests="3" failures="0" timestamp="28 Jun 2019 15:47:38 GMT" time="0.000" errors="0">
  <testcase name="test2" time="0.000" classname="testNG.TestNGExample1">
    <skipped/>
  </testcase> <!-- test2 -->
  <testcase name="test3" time="0.000" classname="testNG.TestNGExample1">
    <skipped/>
  </testcase> <!-- test3 -->
  <testcase name="test1" time="0.000" classname="testNG.TestNGExample1">
    <skipped/>
  </testcase> <!-- test1 -->
</testsuite> <!-- testNG.TestNGExample1 -->
