<?xml version="1.0" encoding="UTF-8"?>
<!-- Generated by org.testng.reporters.JUnitReportReporter -->
<testsuite skipped="0" hostname="WKWIN5337880" name="testNG.OnlinBankingTest_DataProvider" tests="7" failures="0" timestamp="28 Jun 2019 16:14:08 GMT" time="9.731" errors="0">
  <testcase name="test3_verifyValidLogin" time="2.125" classname="testNG.OnlinBankingTest_DataProvider"/>
  <testcase name="test3_verifyValidLogin" time="0.805" classname="testNG.OnlinBankingTest_DataProvider"/>
  <testcase name="test3_verifyValidLogin" time="2.153" classname="testNG.OnlinBankingTest_DataProvider"/>
  <testcase name="test3_verifyValidLogin" time="0.792" classname="testNG.OnlinBankingTest_DataProvider"/>
  <testcase name="test3_verifyValidLogin" time="2.131" classname="testNG.OnlinBankingTest_DataProvider"/>
  <testcase name="test3_verifyValidLogin" time="0.942" classname="testNG.OnlinBankingTest_DataProvider"/>
  <testcase name="test3_verifyValidLogin" time="0.783" classname="testNG.OnlinBankingTest_DataProvider"/>
</testsuite> <!-- testNG.OnlinBankingTest_DataProvider -->
