<?xml version="1.0" encoding="UTF-8"?>
<!-- Generated by org.testng.reporters.JUnitReportReporter -->
<testsuite skipped="4" hostname="WKWIN5337880" name="testNG.OnlinBankingTest_TestNG" tests="4" failures="0" timestamp="28 Jun 2019 15:47:38 GMT" time="0.000" errors="0">
  <testcase name="test4_verifyAccountHistory" time="0.000" classname="testNG.OnlinBankingTest_TestNG">
    <skipped/>
  </testcase> <!-- test4_verifyAccountHistory -->
  <testcase name="test1_verifyLoginPageLinks" time="0.000" classname="testNG.OnlinBankingTest_TestNG">
    <skipped/>
  </testcase> <!-- test1_verifyLoginPageLinks -->
  <testcase name="test2_verifyInvalidLogin" time="0.000" classname="testNG.OnlinBankingTest_TestNG">
    <skipped/>
  </testcase> <!-- test2_verifyInvalidLogin -->
  <testcase name="test3_verifyValidLogin" time="0.000" classname="testNG.OnlinBankingTest_TestNG">
    <skipped/>
  </testcase> <!-- test3_verifyValidLogin -->
</testsuite> <!-- testNG.OnlinBankingTest_TestNG -->
